Arguments: 
  /usr/local/bin/node /usr/share/yarn/bin/yarn.js add brcryptjs cookie-parser cors csurf dotenv express express-async-handler express-validator faker helmet jsonwebtoken morgan per-env pg@>=8.4.1 sequelize@5 sequelize-cli@5

PATH: 
  /home/james/.pyenv/shims:/home/james/.pyenv/shims:/home/james/.pyenv/bin:/home/linuxbrew/.linuxbrew/bin:/home/james/.rbenv/shims:/home/james/.rbenv/bin:/home/james/.rbenv/plugins/ruby-build/bin:/home/james/.rbenv/shims:/home/james/.rbenv/bin:/home/james/.rbenv/shims:/home/james/.rbenv/bin:/home/james/.rbenv/shims:/home/james/.rbenv/bin:/home/james/.pyenv/shims:/home/james/.pyenv/shims:/home/james/.pyenv/bin:/home/linuxbrew/.linuxbrew/bin:/home/james/.rbenv/shims:/home/james/.rbenv/bin:/home/james/.rbenv/plugins/ruby-build/bin:/home/james/.rbenv/shims:/home/james/.rbenv/bin:/home/james/.rbenv/shims:/home/james/.rbenv/bin:/home/james/.rbenv/shims:/home/james/.rbenv/bin:/home/james/.pyenv/shims:/home/james/.pyenv/shims:/home/james/.pyenv/bin:/home/linuxbrew/.linuxbrew/bin:/home/james/.rbenv/shims:/home/james/.rbenv/bin:/home/james/.rbenv/plugins/ruby-build/bin:/home/james/.rbenv/shims:/home/james/.rbenv/bin:/home/james/.rbenv/shims:/home/james/.rbenv/bin:/home/james/.rbenv/shims:/home/james/.rbenv/bin:/home/james/.pyenv/shims:/home/james/.pyenv/shims:/home/james/.pyenv/bin:/home/linuxbrew/.linuxbrew/bin:/home/james/.rbenv/shims:/home/james/.rbenv/bin:/home/james/.rbenv/plugins/ruby-build/bin:/home/james/.rbenv/shims:/home/james/.rbenv/bin:/home/james/.rbenv/shims:/home/james/.rbenv/bin:/home/james/.rbenv/shims:/home/james/.rbenv/bin:/home/james/.pyenv/shims:/home/james/.pyenv/shims:/home/james/.pyenv/bin:/home/linuxbrew/.linuxbrew/bin:/home/james/.rbenv/shims:/home/james/.rbenv/bin:/home/james/.rbenv/plugins/ruby-build/bin:/home/james/.rbenv/shims:/home/james/.rbenv/bin:/home/james/.rbenv/shims:/home/james/.rbenv/bin:/home/james/.rbenv/shims:/home/james/.rbenv/bin:/home/james/bin:/usr/local/sbin:/usr/local/bin:/usr/sbin:/usr/bin:/sbin:/bin:/usr/games:/usr/local/games:/snap/bin

Yarn version: 
  1.22.5

Node version: 
  12.16.1

Platform: 
  linux x64

Trace: 
  Error: https://registry.npmjs.org/brcryptjs: Not found
      at Request.params.callback [as _callback] (/usr/share/yarn/lib/cli.js:66988:18)
      at Request.self.callback (/usr/share/yarn/lib/cli.js:140749:22)
      at Request.emit (events.js:311:20)
      at Request.<anonymous> (/usr/share/yarn/lib/cli.js:141721:10)
      at Request.emit (events.js:311:20)
      at IncomingMessage.<anonymous> (/usr/share/yarn/lib/cli.js:141643:12)
      at Object.onceWrapper (events.js:417:28)
      at IncomingMessage.emit (events.js:323:22)
      at endReadableNT (_stream_readable.js:1204:12)
      at processTicksAndRejections (internal/process/task_queues.js:84:21)

npm manifest: 
  {
    "name": "backend",
    "version": "1.0.0",
    "description": "",
    "main": "index.js",
    "scripts": {
      "test": "echo \"Error: no test specified\" && exit 1"
    },
    "keywords": [],
    "author": "",
    "license": "ISC"
  }

yarn manifest: 
  No manifest

Lockfile: 
  No lockfile
